<?xml version="1.0" encoding="UTF-8"?>
<!-- Generated by org.testng.reporters.JUnitReportReporter -->
<testsuite hostname="WINCTRL-PHE7U8D" name="Wolfram.WolframLogin" tests="1" failures="0" timestamp="10 May 2016 04:58:03 GMT" time="17.906" errors="0">
  <testcase name="loginToWolfram" time="17.906" classname="Wolfram.WolframLogin"/>
</testsuite> <!-- Wolfram.WolframLogin -->
